\BOOKMARK [0][-]{chapter.1}{Introduction}{}% 1
\BOOKMARK [0][-]{chapter.2}{Fundamental Features of PEARL}{}% 2
\BOOKMARK [1][-]{section.2.1}{Multitasking Characteristics}{chapter.2}% 3
\BOOKMARK [1][-]{section.2.2}{Possibilities of Input and Output}{chapter.2}% 4
\BOOKMARK [1][-]{section.2.3}{Program Structure}{chapter.2}% 5
\BOOKMARK [1][-]{section.2.4}{Data Types}{chapter.2}% 6
\BOOKMARK [1][-]{section.2.5}{Control Structures}{chapter.2}% 7
\BOOKMARK [0][-]{chapter.3}{Rules for the Construction of PEARL Language Forms}{}% 8
\BOOKMARK [1][-]{section.3.1}{Character Set}{chapter.3}% 9
\BOOKMARK [1][-]{section.3.2}{Basic Elements}{chapter.3}% 10
\BOOKMARK [2][-]{subsection.3.2.1}{Identifiers}{section.3.2}% 11
\BOOKMARK [2][-]{subsection.3.2.2}{Constants}{section.3.2}% 12
\BOOKMARK [2][-]{subsection.3.2.3}{Comments}{section.3.2}% 13
\BOOKMARK [1][-]{section.3.3}{Construction of Language Forms}{chapter.3}% 14
\BOOKMARK [0][-]{chapter.4}{Program Structure}{}% 15
\BOOKMARK [1][-]{section.4.1}{Modules}{chapter.4}% 16
\BOOKMARK [1][-]{section.4.2}{Declarations and Specifications}{chapter.4}% 17
\BOOKMARK [2][-]{subsection.4.2.1}{Declaration \(DCL\)}{section.4.2}% 18
\BOOKMARK [2][-]{subsection.4.2.2}{Specification \(SPC\) and Identification \(SPC IDENT\)}{section.4.2}% 19
\BOOKMARK [1][-]{section.4.3}{Block Structure, Validity of Objects}{chapter.4}% 20
\BOOKMARK [1][-]{section.4.4}{References between Modules}{chapter.4}% 21
\BOOKMARK [1][-]{section.4.5}{Execution of a Program}{chapter.4}% 22
\BOOKMARK [0][-]{chapter.5}{Variables and Constants}{}% 23
\BOOKMARK [1][-]{section.5.1}{Declaration and Specification of Variables and Constants}{chapter.5}% 24
\BOOKMARK [1][-]{section.5.2}{Integers \(FIXED\)}{chapter.5}% 25
\BOOKMARK [1][-]{section.5.3}{Floating Point Numbers \(FLOAT\)}{chapter.5}% 26
\BOOKMARK [1][-]{section.5.4}{Bit Strings \(BIT\)}{chapter.5}% 27
\BOOKMARK [1][-]{section.5.5}{Character Strings \(CHARACTER\)}{chapter.5}% 28
\BOOKMARK [1][-]{section.5.6}{The Length Definition}{chapter.5}% 29
\BOOKMARK [1][-]{section.5.7}{Times \(CLOCK\)}{chapter.5}% 30
\BOOKMARK [1][-]{section.5.8}{Durations \(DURATION\)}{chapter.5}% 31
\BOOKMARK [1][-]{section.5.9}{References \(REF\)}{chapter.5}% 32
\BOOKMARK [2][-]{subsection.5.9.1}{Variable Character String Pointers \(REF CHAR\(\)\)}{section.5.9}% 33
\BOOKMARK [1][-]{section.5.10}{Arrays}{chapter.5}% 34
\BOOKMARK [1][-]{section.5.11}{Structures}{chapter.5}% 35
\BOOKMARK [1][-]{section.5.12}{Type Definition \(TYPE\)}{chapter.5}% 36
\BOOKMARK [1][-]{section.5.13}{The Initialisation Attribute \(INITIAL\)}{chapter.5}% 37
\BOOKMARK [1][-]{section.5.14}{Assignment Protection \(INV\)}{chapter.5}% 38
\BOOKMARK [2][-]{subsection.5.14.1}{Named Constants \(INV Constants\)}{section.5.14}% 39
\BOOKMARK [2][-]{subsection.5.14.2}{Constant Expressions \(of Type FIXED\)}{section.5.14}% 40
\BOOKMARK [0][-]{chapter.6}{Expressions and Assignments}{}% 41
\BOOKMARK [1][-]{section.6.1}{Expressions}{chapter.6}% 42
\BOOKMARK [2][-]{subsection.6.1.1}{Monadic Operators}{section.6.1}% 43
\BOOKMARK [2][-]{subsection.6.1.2}{Dyadic Operators}{section.6.1}% 44
\BOOKMARK [2][-]{subsection.6.1.3}{Evaluation of Expressions}{section.6.1}% 45
\BOOKMARK [1][-]{section.6.2}{Assignments}{chapter.6}% 46
\BOOKMARK [2][-]{subsection.6.2.1}{Assignments for Scalar Variables}{section.6.2}% 47
\BOOKMARK [2][-]{subsection.6.2.2}{Assignments for Structures}{section.6.2}% 48
\BOOKMARK [0][-]{chapter.7}{Statements for the Control of Sequential Execution}{}% 49
\BOOKMARK [1][-]{section.7.1}{Empty Statement}{chapter.7}% 50
\BOOKMARK [1][-]{section.7.2}{Conditional Statement \(IF\)}{chapter.7}% 51
\BOOKMARK [1][-]{section.7.3}{Statement Selection \(CASE\)}{chapter.7}% 52
\BOOKMARK [1][-]{section.7.4}{Repetition \(FOR \205 REPEAT\)}{chapter.7}% 53
\BOOKMARK [1][-]{section.7.5}{GoTo Statement \(GOTO\)}{chapter.7}% 54
\BOOKMARK [1][-]{section.7.6}{Exit Statement \(EXIT\)}{chapter.7}% 55
\BOOKMARK [0][-]{chapter.8}{Procedures}{}% 56
\BOOKMARK [1][-]{section.8.1}{Declaration and Specification of Procedures \(PROC\)}{chapter.8}% 57
\BOOKMARK [1][-]{section.8.2}{Calls of Procedures \(CALL\)}{chapter.8}% 58
\BOOKMARK [1][-]{section.8.3}{References to Procedures \(REF PROC\)}{chapter.8}% 59
\BOOKMARK [0][-]{chapter.9}{Parallel Activities}{}% 60
\BOOKMARK [1][-]{section.9.1}{Declaration and Specification of Tasks \(TASK\)}{chapter.9}% 61
\BOOKMARK [2][-]{subsection.9.1.1}{References to Tasks \(REF TASK\)}{section.9.1}% 62
\BOOKMARK [2][-]{subsection.9.1.2}{Determining Task Addresses}{section.9.1}% 63
\BOOKMARK [2][-]{subsection.9.1.3}{Determining Task Priorities}{section.9.1}% 64
\BOOKMARK [1][-]{section.9.2}{Timing}{chapter.9}% 65
\BOOKMARK [1][-]{section.9.3}{Statements for Controlling Tasks}{chapter.9}% 66
\BOOKMARK [2][-]{subsection.9.3.1}{Starting a Task \(ACTIVATE\)}{section.9.3}% 67
\BOOKMARK [2][-]{subsection.9.3.2}{Terminating a Task \(TERMINATE\)}{section.9.3}% 68
\BOOKMARK [2][-]{subsection.9.3.3}{Suspending a Task \(SUSPEND\)}{section.9.3}% 69
\BOOKMARK [2][-]{subsection.9.3.4}{Continuing a Task \(CONTINUE\)}{section.9.3}% 70
\BOOKMARK [2][-]{subsection.9.3.5}{Delaying a Task \(RESUME\)}{section.9.3}% 71
\BOOKMARK [2][-]{subsection.9.3.6}{De-scheduling a Task \(PREVENT\)}{section.9.3}% 72
\BOOKMARK [1][-]{section.9.4}{Synchronising Tasks}{chapter.9}% 73
\BOOKMARK [2][-]{subsection.9.4.1}{Semaphore Variables \(SEMA\) and Statements \(REQUEST, RELEASE, TRY\)}{section.9.4}% 74
\BOOKMARK [2][-]{subsection.9.4.2}{Bolt Variables \(BOLT\) and Statements \(ENTER, LEAVE, RESERVE, FREE\)}{section.9.4}% 75
\BOOKMARK [1][-]{section.9.5}{Interrupts and Interrupt Statements}{chapter.9}% 76
\BOOKMARK [2][-]{subsection.9.5.1}{Declarations of Interrupts and Software Interrupts}{section.9.5}% 77
\BOOKMARK [2][-]{subsection.9.5.2}{Interrupt Statements \(TRIGGER, ENABLE, DISABLE\)}{section.9.5}% 78
\BOOKMARK [0][-]{chapter.10}{Input and Output}{}% 79
\BOOKMARK [1][-]{section.10.1}{System Part}{chapter.10}% 80
\BOOKMARK [1][-]{section.10.2}{Specification and Declaration of Data Stations \(DATION\) in the Problem Part}{chapter.10}% 81
\BOOKMARK [2][-]{subsection.10.2.1}{System Data Stations}{section.10.2}% 82
\BOOKMARK [2][-]{subsection.10.2.2}{User Defined Data Stations}{section.10.2}% 83
\BOOKMARK [1][-]{section.10.3}{Opening and Closing of Data Stations \(OPEN, CLOSE\)}{chapter.10}% 84
\BOOKMARK [1][-]{section.10.4}{The Read and Write Statements \(READ, WRITE\)}{chapter.10}% 85
\BOOKMARK [1][-]{section.10.5}{The Get and Put Statements \(GET, PUT\)}{chapter.10}% 86
\BOOKMARK [2][-]{subsection.10.5.1}{The Fixed Format \(F\)}{section.10.5}% 87
\BOOKMARK [2][-]{subsection.10.5.2}{The Float Format \(E\)}{section.10.5}% 88
\BOOKMARK [2][-]{subsection.10.5.3}{The Character String Formats \(A\)}{section.10.5}% 89
\BOOKMARK [2][-]{subsection.10.5.4}{The Bit Format \(B\)}{section.10.5}% 90
\BOOKMARK [2][-]{subsection.10.5.5}{The Time Format \(T\)}{section.10.5}% 91
\BOOKMARK [2][-]{subsection.10.5.6}{The Duration Format \(D\)}{section.10.5}% 92
\BOOKMARK [2][-]{subsection.10.5.7}{The List Format \(LIST\)}{section.10.5}% 93
\BOOKMARK [2][-]{subsection.10.5.8}{The R Format \(R\)}{section.10.5}% 94
\BOOKMARK [1][-]{section.10.6}{The Convert Statement \(CONVERT\)}{chapter.10}% 95
\BOOKMARK [1][-]{section.10.7}{The Take and Send Statements}{chapter.10}% 96
\BOOKMARK [1][-]{section.10.8}{Error Handling in I/O Statements \(RST\)}{chapter.10}% 97
\BOOKMARK [1][-]{section.10.9}{Interface for Additional Drivers}{chapter.10}% 98
\BOOKMARK [0][-]{chapter.11}{Signals}{}% 99
\BOOKMARK [1][-]{section.11.1}{System Part Entries}{chapter.11}% 100
\BOOKMARK [1][-]{section.11.2}{Declaration and Specification of Signals}{chapter.11}% 101
\BOOKMARK [1][-]{section.11.3}{Signal Reactions}{chapter.11}% 102
\BOOKMARK [0][-]{appendix.A}{Appendix}{}% 103
\BOOKMARK [1][-]{section.A.1}{Data Types and their usability}{appendix.A}% 104
\BOOKMARK [1][-]{section.A.2}{Predefined Functions}{appendix.A}% 105
\BOOKMARK [2][-]{subsection.A.2.1}{The Function NOW}{section.A.2}% 106
\BOOKMARK [2][-]{subsection.A.2.2}{The Function DATE}{section.A.2}% 107
\BOOKMARK [1][-]{section.A.3}{CPP-Insertions}{appendix.A}% 108
\BOOKMARK [1][-]{section.A.4}{Syntax}{appendix.A}% 109
\BOOKMARK [2][-]{subsection.A.4.1}{Program}{section.A.4}% 110
\BOOKMARK [2][-]{subsection.A.4.2}{System Part}{section.A.4}% 111
\BOOKMARK [2][-]{subsection.A.4.3}{Basic Elements}{section.A.4}% 112
\BOOKMARK [2][-]{subsection.A.4.4}{Problem Part}{section.A.4}% 113
\BOOKMARK [2][-]{subsection.A.4.5}{Specification and Identification}{section.A.4}% 114
\BOOKMARK [2][-]{subsection.A.4.6}{Expressions}{section.A.4}% 115
\BOOKMARK [2][-]{subsection.A.4.7}{Statements}{section.A.4}% 116
\BOOKMARK [1][-]{section.A.5}{List of Keywords with Shortforms}{appendix.A}% 117
\BOOKMARK [1][-]{section.A.6}{Other Word Symbols in PEARL}{appendix.A}% 118
