This is pdfTeX, Version 3.14159265-2.6-1.40.17 (TeX Live 2016/Debian) (preloaded format=pdflatex 2018.2.2)  2 FEB 2018 15:47
entering extended mode
 restricted \write18 enabled.
 %&-line parsing enabled.
**p-report.tex
(./p-report.tex
LaTeX2e <2017/01/01> patch level 3
Babel <3.9r> and hyphenation patterns for 83 language(s) loaded.
(/usr/share/texlive/texmf-dist/tex/latex/base/book.cls
Document Class: book 2014/09/29 v1.4h Standard LaTeX document class
(/usr/share/texlive/texmf-dist/tex/latex/base/bk10.clo
File: bk10.clo 2014/09/29 v1.4h Standard LaTeX file (size option)
)
\c@part=\count79
\c@chapter=\count80
\c@section=\count81
\c@subsection=\count82
\c@subsubsection=\count83
\c@paragraph=\count84
\c@subparagraph=\count85
\c@figure=\count86
\c@table=\count87
\abovecaptionskip=\skip41
\belowcaptionskip=\skip42
\bibindent=\dimen102
)
(/usr/share/texlive/texmf-dist/tex/latex/geometry/geometry.sty
Package: geometry 2010/09/12 v5.6 Page Geometry

(/usr/share/texlive/texmf-dist/tex/latex/graphics/keyval.sty
Package: keyval 2014/10/28 v1.15 key=value parser (DPC)
\KV@toks@=\toks14
)
(/usr/share/texlive/texmf-dist/tex/generic/oberdiek/ifpdf.sty
Package: ifpdf 2016/05/14 v3.1 Provides the ifpdf switch
)
(/usr/share/texlive/texmf-dist/tex/generic/oberdiek/ifvtex.sty
Package: ifvtex 2016/05/16 v1.6 Detect VTeX and its facilities (HO)
Package ifvtex Info: VTeX not detected.
)
(/usr/share/texlive/texmf-dist/tex/generic/ifxetex/ifxetex.sty
Package: ifxetex 2010/09/12 v0.6 Provides ifxetex conditional
)
\Gm@cnth=\count88
\Gm@cntv=\count89
\c@Gm@tempcnt=\count90
\Gm@bindingoffset=\dimen103
\Gm@wd@mp=\dimen104
\Gm@odd@mp=\dimen105
\Gm@even@mp=\dimen106
\Gm@layoutwidth=\dimen107
\Gm@layoutheight=\dimen108
\Gm@layouthoffset=\dimen109
\Gm@layoutvoffset=\dimen110
\Gm@dimlist=\toks15
)
(../configuration/include/autoconf.tex)
(/usr/share/texlive/texmf-dist/tex/latex/hyperref/hyperref.sty
Package: hyperref 2016/06/24 v6.83q Hypertext links for LaTeX

(/usr/share/texlive/texmf-dist/tex/generic/oberdiek/hobsub-hyperref.sty
Package: hobsub-hyperref 2016/05/16 v1.14 Bundle oberdiek, subset hyperref (HO)


(/usr/share/texlive/texmf-dist/tex/generic/oberdiek/hobsub-generic.sty
Package: hobsub-generic 2016/05/16 v1.14 Bundle oberdiek, subset generic (HO)
Package: hobsub 2016/05/16 v1.14 Construct package bundles (HO)
Package: infwarerr 2016/05/16 v1.4 Providing info/warning/error messages (HO)
Package: ltxcmds 2016/05/16 v1.23 LaTeX kernel commands for general use (HO)
Package: ifluatex 2016/05/16 v1.4 Provides the ifluatex switch (HO)
Package ifluatex Info: LuaTeX not detected.
Package hobsub Info: Skipping package `ifvtex' (already loaded).
Package: intcalc 2016/05/16 v1.2 Expandable calculations with integers (HO)
Package hobsub Info: Skipping package `ifpdf' (already loaded).
Package: etexcmds 2016/05/16 v1.6 Avoid name clashes with e-TeX commands (HO)
Package etexcmds Info: Could not find \expanded.
(etexcmds)             That can mean that you are not using pdfTeX 1.50 or
(etexcmds)             that some package has redefined \expanded.
(etexcmds)             In the latter case, load this package earlier.
Package: kvsetkeys 2016/05/16 v1.17 Key value parser (HO)
Package: kvdefinekeys 2016/05/16 v1.4 Define keys (HO)
Package: pdftexcmds 2016/05/21 v0.22 Utility functions of pdfTeX for LuaTeX (HO
)
Package pdftexcmds Info: LuaTeX not detected.
Package pdftexcmds Info: \pdf@primitive is available.
Package pdftexcmds Info: \pdf@ifprimitive is available.
Package pdftexcmds Info: \pdfdraftmode found.
Package: pdfescape 2016/05/16 v1.14 Implements pdfTeX's escape features (HO)
Package: bigintcalc 2016/05/16 v1.4 Expandable calculations on big integers (HO
)
Package: bitset 2016/05/16 v1.2 Handle bit-vector datatype (HO)
Package: uniquecounter 2016/05/16 v1.3 Provide unlimited unique counter (HO)
)
Package hobsub Info: Skipping package `hobsub' (already loaded).
Package: letltxmacro 2016/05/16 v1.5 Let assignment for LaTeX macros (HO)
Package: hopatch 2016/05/16 v1.3 Wrapper for package hooks (HO)
Package: xcolor-patch 2016/05/16 xcolor patch
Package: atveryend 2016/05/16 v1.9 Hooks at the very end of document (HO)
Package atveryend Info: \enddocument detected (standard20110627).
Package: atbegshi 2016/06/09 v1.18 At begin shipout hook (HO)
Package: refcount 2016/05/16 v3.5 Data extraction from label references (HO)
Package: hycolor 2016/05/16 v1.8 Color options for hyperref/bookmark (HO)
)
(/usr/share/texlive/texmf-dist/tex/latex/oberdiek/auxhook.sty
Package: auxhook 2016/05/16 v1.4 Hooks for auxiliary files (HO)
)
(/usr/share/texlive/texmf-dist/tex/latex/oberdiek/kvoptions.sty
Package: kvoptions 2016/05/16 v3.12 Key value format for package options (HO)
)
\@linkdim=\dimen111
\Hy@linkcounter=\count91
\Hy@pagecounter=\count92

(/usr/share/texlive/texmf-dist/tex/latex/hyperref/pd1enc.def
File: pd1enc.def 2016/06/24 v6.83q Hyperref: PDFDocEncoding definition (HO)
)
\Hy@SavedSpaceFactor=\count93

(/usr/share/texlive/texmf-dist/tex/latex/latexconfig/hyperref.cfg
File: hyperref.cfg 2002/06/06 v1.2 hyperref configuration of TeXLive
)
Package hyperref Info: Option `colorlinks' set `true' on input line 4362.
Package hyperref Info: Hyper figures OFF on input line 4486.
Package hyperref Info: Link nesting OFF on input line 4491.
Package hyperref Info: Hyper index ON on input line 4494.
Package hyperref Info: Plain pages OFF on input line 4501.
Package hyperref Info: Backreferencing OFF on input line 4506.
Package hyperref Info: Implicit mode ON; LaTeX internals redefined.
Package hyperref Info: Bookmarks ON on input line 4735.
\c@Hy@tempcnt=\count94

(/usr/share/texlive/texmf-dist/tex/latex/url/url.sty
\Urlmuskip=\muskip10
Package: url 2013/09/16  ver 3.4  Verb mode for urls, etc.
)
LaTeX Info: Redefining \url on input line 5088.
\XeTeXLinkMargin=\dimen112
\Fld@menulength=\count95
\Field@Width=\dimen113
\Fld@charsize=\dimen114
Package hyperref Info: Hyper figures OFF on input line 6342.
Package hyperref Info: Link nesting OFF on input line 6347.
Package hyperref Info: Hyper index ON on input line 6350.
Package hyperref Info: backreferencing OFF on input line 6357.
Package hyperref Info: Link coloring ON on input line 6360.
Package hyperref Info: Link coloring with OCG OFF on input line 6367.
Package hyperref Info: PDF/A mode OFF on input line 6372.
LaTeX Info: Redefining \ref on input line 6412.
LaTeX Info: Redefining \pageref on input line 6416.
\Hy@abspage=\count96
\c@Item=\count97
\c@Hfootnote=\count98
)

Package hyperref Message: Driver: hpdftex.

(/usr/share/texlive/texmf-dist/tex/latex/hyperref/hpdftex.def
File: hpdftex.def 2016/06/24 v6.83q Hyperref driver for pdfTeX
\Fld@listcount=\count99
\c@bookmark@seq@number=\count100

(/usr/share/texlive/texmf-dist/tex/latex/oberdiek/rerunfilecheck.sty
Package: rerunfilecheck 2016/05/16 v1.8 Rerun checks for auxiliary files (HO)
Package uniquecounter Info: New unique counter `rerunfilecheck' on input line 2
82.
)
\Hy@SectionHShift=\skip43
)
(./hyperMacros.tex)
(/usr/share/texlive/texmf-dist/tex/latex/tcolorbox/tcolorbox.sty
Package: tcolorbox 2016/11/18 version 3.96 text color boxes

(/usr/share/texlive/texmf-dist/tex/latex/pgf/basiclayer/pgf.sty
(/usr/share/texlive/texmf-dist/tex/latex/pgf/utilities/pgfrcs.sty
(/usr/share/texlive/texmf-dist/tex/generic/pgf/utilities/pgfutil-common.tex
\pgfutil@everybye=\toks16
\pgfutil@tempdima=\dimen115
\pgfutil@tempdimb=\dimen116

(/usr/share/texlive/texmf-dist/tex/generic/pgf/utilities/pgfutil-common-lists.t
ex)) (/usr/share/texlive/texmf-dist/tex/generic/pgf/utilities/pgfutil-latex.def
\pgfutil@abb=\box26
(/usr/share/texlive/texmf-dist/tex/latex/ms/everyshi.sty
Package: everyshi 2001/05/15 v3.00 EveryShipout Package (MS)
))
(/usr/share/texlive/texmf-dist/tex/generic/pgf/utilities/pgfrcs.code.tex
Package: pgfrcs 2015/08/07 v3.0.1a (rcs-revision 1.31)
))
Package: pgf 2015/08/07 v3.0.1a (rcs-revision 1.15)

(/usr/share/texlive/texmf-dist/tex/latex/pgf/basiclayer/pgfcore.sty
(/usr/share/texlive/texmf-dist/tex/latex/graphics/graphicx.sty
Package: graphicx 2014/10/28 v1.0g Enhanced LaTeX Graphics (DPC,SPQR)

(/usr/share/texlive/texmf-dist/tex/latex/graphics/graphics.sty
Package: graphics 2016/10/09 v1.0u Standard LaTeX Graphics (DPC,SPQR)

(/usr/share/texlive/texmf-dist/tex/latex/graphics/trig.sty
Package: trig 2016/01/03 v1.10 sin cos tan (DPC)
)
(/usr/share/texlive/texmf-dist/tex/latex/graphics-cfg/graphics.cfg
File: graphics.cfg 2016/06/04 v1.11 sample graphics configuration
)
Package graphics Info: Driver file: pdftex.def on input line 99.

(/usr/share/texlive/texmf-dist/tex/latex/graphics-def/pdftex.def
File: pdftex.def 2017/01/12 v0.06k Graphics/color for pdfTeX
\Gread@gobject=\count101
))
\Gin@req@height=\dimen117
\Gin@req@width=\dimen118
)
(/usr/share/texlive/texmf-dist/tex/latex/pgf/systemlayer/pgfsys.sty
(/usr/share/texlive/texmf-dist/tex/generic/pgf/systemlayer/pgfsys.code.tex
Package: pgfsys 2014/07/09 v3.0.1a (rcs-revision 1.48)

(/usr/share/texlive/texmf-dist/tex/generic/pgf/utilities/pgfkeys.code.tex
\pgfkeys@pathtoks=\toks17
\pgfkeys@temptoks=\toks18

(/usr/share/texlive/texmf-dist/tex/generic/pgf/utilities/pgfkeysfiltered.code.t
ex
\pgfkeys@tmptoks=\toks19
))
\pgf@x=\dimen119
\pgf@y=\dimen120
\pgf@xa=\dimen121
\pgf@ya=\dimen122
\pgf@xb=\dimen123
\pgf@yb=\dimen124
\pgf@xc=\dimen125
\pgf@yc=\dimen126
\w@pgf@writea=\write3
\r@pgf@reada=\read1
\c@pgf@counta=\count102
\c@pgf@countb=\count103
\c@pgf@countc=\count104
\c@pgf@countd=\count105
\t@pgf@toka=\toks20
\t@pgf@tokb=\toks21
\t@pgf@tokc=\toks22
 (/usr/share/texlive/texmf-dist/tex/generic/pgf/systemlayer/pgf.cfg
File: pgf.cfg 2008/05/14  (rcs-revision 1.7)
)
Driver file for pgf: pgfsys-pdftex.def

(/usr/share/texlive/texmf-dist/tex/generic/pgf/systemlayer/pgfsys-pdftex.def
File: pgfsys-pdftex.def 2014/10/11  (rcs-revision 1.35)

(/usr/share/texlive/texmf-dist/tex/generic/pgf/systemlayer/pgfsys-common-pdf.de
f
File: pgfsys-common-pdf.def 2013/10/10  (rcs-revision 1.13)
)))
(/usr/share/texlive/texmf-dist/tex/generic/pgf/systemlayer/pgfsyssoftpath.code.
tex
File: pgfsyssoftpath.code.tex 2013/09/09  (rcs-revision 1.9)
\pgfsyssoftpath@smallbuffer@items=\count106
\pgfsyssoftpath@bigbuffer@items=\count107
)
(/usr/share/texlive/texmf-dist/tex/generic/pgf/systemlayer/pgfsysprotocol.code.
tex
File: pgfsysprotocol.code.tex 2006/10/16  (rcs-revision 1.4)
)) (/usr/share/texlive/texmf-dist/tex/latex/xcolor/xcolor.sty
Package: xcolor 2016/05/11 v2.12 LaTeX color extensions (UK)

(/usr/share/texlive/texmf-dist/tex/latex/graphics-cfg/color.cfg
File: color.cfg 2016/01/02 v1.6 sample color configuration
)
Package xcolor Info: Driver file: pdftex.def on input line 225.
Package xcolor Info: Model `cmy' substituted by `cmy0' on input line 1348.
Package xcolor Info: Model `hsb' substituted by `rgb' on input line 1352.
Package xcolor Info: Model `RGB' extended on input line 1364.
Package xcolor Info: Model `HTML' substituted by `rgb' on input line 1366.
Package xcolor Info: Model `Hsb' substituted by `hsb' on input line 1367.
Package xcolor Info: Model `tHsb' substituted by `hsb' on input line 1368.
Package xcolor Info: Model `HSB' substituted by `hsb' on input line 1369.
Package xcolor Info: Model `Gray' substituted by `gray' on input line 1370.
Package xcolor Info: Model `wave' substituted by `hsb' on input line 1371.
)
(/usr/share/texlive/texmf-dist/tex/generic/pgf/basiclayer/pgfcore.code.tex
Package: pgfcore 2010/04/11 v3.0.1a (rcs-revision 1.7)

(/usr/share/texlive/texmf-dist/tex/generic/pgf/math/pgfmath.code.tex
(/usr/share/texlive/texmf-dist/tex/generic/pgf/math/pgfmathcalc.code.tex
(/usr/share/texlive/texmf-dist/tex/generic/pgf/math/pgfmathutil.code.tex)
(/usr/share/texlive/texmf-dist/tex/generic/pgf/math/pgfmathparser.code.tex
\pgfmath@dimen=\dimen127
\pgfmath@count=\count108
\pgfmath@box=\box27
\pgfmath@toks=\toks23
\pgfmath@stack@operand=\toks24
\pgfmath@stack@operation=\toks25
)
(/usr/share/texlive/texmf-dist/tex/generic/pgf/math/pgfmathfunctions.code.tex
(/usr/share/texlive/texmf-dist/tex/generic/pgf/math/pgfmathfunctions.basic.code
.tex)
(/usr/share/texlive/texmf-dist/tex/generic/pgf/math/pgfmathfunctions.trigonomet
ric.code.tex)
(/usr/share/texlive/texmf-dist/tex/generic/pgf/math/pgfmathfunctions.random.cod
e.tex)
(/usr/share/texlive/texmf-dist/tex/generic/pgf/math/pgfmathfunctions.comparison
.code.tex)
(/usr/share/texlive/texmf-dist/tex/generic/pgf/math/pgfmathfunctions.base.code.
tex)
(/usr/share/texlive/texmf-dist/tex/generic/pgf/math/pgfmathfunctions.round.code
.tex)
(/usr/share/texlive/texmf-dist/tex/generic/pgf/math/pgfmathfunctions.misc.code.
tex)
(/usr/share/texlive/texmf-dist/tex/generic/pgf/math/pgfmathfunctions.integerari
thmetics.code.tex)))
(/usr/share/texlive/texmf-dist/tex/generic/pgf/math/pgfmathfloat.code.tex
\c@pgfmathroundto@lastzeros=\count109
))
(/usr/share/texlive/texmf-dist/tex/generic/pgf/basiclayer/pgfcorepoints.code.te
x
File: pgfcorepoints.code.tex 2013/10/07  (rcs-revision 1.27)
\pgf@picminx=\dimen128
\pgf@picmaxx=\dimen129
\pgf@picminy=\dimen130
\pgf@picmaxy=\dimen131
\pgf@pathminx=\dimen132
\pgf@pathmaxx=\dimen133
\pgf@pathminy=\dimen134
\pgf@pathmaxy=\dimen135
\pgf@xx=\dimen136
\pgf@xy=\dimen137
\pgf@yx=\dimen138
\pgf@yy=\dimen139
\pgf@zx=\dimen140
\pgf@zy=\dimen141
)
(/usr/share/texlive/texmf-dist/tex/generic/pgf/basiclayer/pgfcorepathconstruct.
code.tex
File: pgfcorepathconstruct.code.tex 2013/10/07  (rcs-revision 1.29)
\pgf@path@lastx=\dimen142
\pgf@path@lasty=\dimen143
)
(/usr/share/texlive/texmf-dist/tex/generic/pgf/basiclayer/pgfcorepathusage.code
.tex
File: pgfcorepathusage.code.tex 2014/11/02  (rcs-revision 1.24)
\pgf@shorten@end@additional=\dimen144
\pgf@shorten@start@additional=\dimen145
)
(/usr/share/texlive/texmf-dist/tex/generic/pgf/basiclayer/pgfcorescopes.code.te
x
File: pgfcorescopes.code.tex 2015/05/08  (rcs-revision 1.46)
\pgfpic=\box28
\pgf@hbox=\box29
\pgf@layerbox@main=\box30
\pgf@picture@serial@count=\count110
)
(/usr/share/texlive/texmf-dist/tex/generic/pgf/basiclayer/pgfcoregraphicstate.c
ode.tex
File: pgfcoregraphicstate.code.tex 2014/11/02  (rcs-revision 1.12)
\pgflinewidth=\dimen146
)
(/usr/share/texlive/texmf-dist/tex/generic/pgf/basiclayer/pgfcoretransformation
s.code.tex
File: pgfcoretransformations.code.tex 2015/08/07  (rcs-revision 1.20)
\pgf@pt@x=\dimen147
\pgf@pt@y=\dimen148
\pgf@pt@temp=\dimen149
)
(/usr/share/texlive/texmf-dist/tex/generic/pgf/basiclayer/pgfcorequick.code.tex
File: pgfcorequick.code.tex 2008/10/09  (rcs-revision 1.3)
)
(/usr/share/texlive/texmf-dist/tex/generic/pgf/basiclayer/pgfcoreobjects.code.t
ex
File: pgfcoreobjects.code.tex 2006/10/11  (rcs-revision 1.2)
)
(/usr/share/texlive/texmf-dist/tex/generic/pgf/basiclayer/pgfcorepathprocessing
.code.tex
File: pgfcorepathprocessing.code.tex 2013/09/09  (rcs-revision 1.9)
)
(/usr/share/texlive/texmf-dist/tex/generic/pgf/basiclayer/pgfcorearrows.code.te
x
File: pgfcorearrows.code.tex 2015/05/14  (rcs-revision 1.43)
\pgfarrowsep=\dimen150
)
(/usr/share/texlive/texmf-dist/tex/generic/pgf/basiclayer/pgfcoreshade.code.tex
File: pgfcoreshade.code.tex 2013/07/15  (rcs-revision 1.15)
\pgf@max=\dimen151
\pgf@sys@shading@range@num=\count111
)
(/usr/share/texlive/texmf-dist/tex/generic/pgf/basiclayer/pgfcoreimage.code.tex
File: pgfcoreimage.code.tex 2013/07/15  (rcs-revision 1.18)

(/usr/share/texlive/texmf-dist/tex/generic/pgf/basiclayer/pgfcoreexternal.code.
tex
File: pgfcoreexternal.code.tex 2014/07/09  (rcs-revision 1.21)
\pgfexternal@startupbox=\box31
))
(/usr/share/texlive/texmf-dist/tex/generic/pgf/basiclayer/pgfcorelayers.code.te
x
File: pgfcorelayers.code.tex 2013/07/18  (rcs-revision 1.7)
)
(/usr/share/texlive/texmf-dist/tex/generic/pgf/basiclayer/pgfcoretransparency.c
ode.tex
File: pgfcoretransparency.code.tex 2013/09/30  (rcs-revision 1.5)
)
(/usr/share/texlive/texmf-dist/tex/generic/pgf/basiclayer/pgfcorepatterns.code.
tex
File: pgfcorepatterns.code.tex 2013/11/07  (rcs-revision 1.5)
)))
(/usr/share/texlive/texmf-dist/tex/generic/pgf/modules/pgfmoduleshapes.code.tex
File: pgfmoduleshapes.code.tex 2014/03/21  (rcs-revision 1.35)
\pgfnodeparttextbox=\box32
) (/usr/share/texlive/texmf-dist/tex/generic/pgf/modules/pgfmoduleplot.code.tex
File: pgfmoduleplot.code.tex 2015/08/03  (rcs-revision 1.13)
)
(/usr/share/texlive/texmf-dist/tex/latex/pgf/compatibility/pgfcomp-version-0-65
.sty
Package: pgfcomp-version-0-65 2007/07/03 v3.0.1a (rcs-revision 1.7)
\pgf@nodesepstart=\dimen152
\pgf@nodesepend=\dimen153
)
(/usr/share/texlive/texmf-dist/tex/latex/pgf/compatibility/pgfcomp-version-1-18
.sty
Package: pgfcomp-version-1-18 2007/07/23 v3.0.1a (rcs-revision 1.1)
)) (/usr/share/texlive/texmf-dist/tex/latex/tools/verbatim.sty
Package: verbatim 2014/10/28 v1.5q LaTeX2e package for verbatim enhancements
\every@verbatim=\toks26
\verbatim@line=\toks27
\verbatim@in@stream=\read2
)
(/usr/share/texlive/texmf-dist/tex/latex/environ/environ.sty
Package: environ 2014/05/04 v0.3 A new way to define environments

(/usr/share/texlive/texmf-dist/tex/latex/trimspaces/trimspaces.sty
Package: trimspaces 2009/09/17 v1.1 Trim spaces around a token list
)
\@envbody=\toks28
)
(/usr/share/texlive/texmf-dist/tex/latex/etoolbox/etoolbox.sty
Package: etoolbox 2017/01/02 v2.4 e-TeX tools for LaTeX (JAW)
\etb@tempcnta=\count112
)
\tcb@titlebox=\box33
\tcb@upperbox=\box34
\tcb@lowerbox=\box35
\tcb@phantombox=\box36
\c@tcbbreakpart=\count113
\c@tcblayer=\count114
\tcolorbox@number=\count115
\tcb@temp=\box37
\tcb@temp=\box38
\tcb@temp=\box39
\tcb@temp=\box40
\tcb@out=\write4
\tcb@record@out=\write5

(/usr/share/texlive/texmf-dist/tex/latex/tcolorbox/tcbskins.code.tex
Library (tcolorbox): 'tcbskins.code.tex' version '3.96'
(/usr/share/texlive/texmf-dist/tex/latex/pgf/frontendlayer/tikz.sty
(/usr/share/texlive/texmf-dist/tex/latex/pgf/utilities/pgffor.sty
(/usr/share/texlive/texmf-dist/tex/latex/pgf/utilities/pgfkeys.sty
(/usr/share/texlive/texmf-dist/tex/generic/pgf/utilities/pgfkeys.code.tex))
(/usr/share/texlive/texmf-dist/tex/latex/pgf/math/pgfmath.sty
(/usr/share/texlive/texmf-dist/tex/generic/pgf/math/pgfmath.code.tex))
(/usr/share/texlive/texmf-dist/tex/generic/pgf/utilities/pgffor.code.tex
Package: pgffor 2013/12/13 v3.0.1a (rcs-revision 1.25)

(/usr/share/texlive/texmf-dist/tex/generic/pgf/math/pgfmath.code.tex)
\pgffor@iter=\dimen154
\pgffor@skip=\dimen155
\pgffor@stack=\toks29
\pgffor@toks=\toks30
))
(/usr/share/texlive/texmf-dist/tex/generic/pgf/frontendlayer/tikz/tikz.code.tex
Package: tikz 2015/08/07 v3.0.1a (rcs-revision 1.151)

(/usr/share/texlive/texmf-dist/tex/generic/pgf/libraries/pgflibraryplothandlers
.code.tex
File: pgflibraryplothandlers.code.tex 2013/08/31 v3.0.1a (rcs-revision 1.20)
\pgf@plot@mark@count=\count116
\pgfplotmarksize=\dimen156
)
\tikz@lastx=\dimen157
\tikz@lasty=\dimen158
\tikz@lastxsaved=\dimen159
\tikz@lastysaved=\dimen160
\tikzleveldistance=\dimen161
\tikzsiblingdistance=\dimen162
\tikz@figbox=\box41
\tikz@figbox@bg=\box42
\tikz@tempbox=\box43
\tikz@tempbox@bg=\box44
\tikztreelevel=\count117
\tikznumberofchildren=\count118
\tikznumberofcurrentchild=\count119
\tikz@fig@count=\count120

(/usr/share/texlive/texmf-dist/tex/generic/pgf/modules/pgfmodulematrix.code.tex
File: pgfmodulematrix.code.tex 2013/09/17  (rcs-revision 1.8)
\pgfmatrixcurrentrow=\count121
\pgfmatrixcurrentcolumn=\count122
\pgf@matrix@numberofcolumns=\count123
)
\tikz@expandcount=\count124

(/usr/share/texlive/texmf-dist/tex/generic/pgf/frontendlayer/tikz/libraries/tik
zlibrarytopaths.code.tex
File: tikzlibrarytopaths.code.tex 2008/06/17 v3.0.1a (rcs-revision 1.2)
)))
\tcb@waterbox=\box45

(/usr/share/texlive/texmf-dist/tex/latex/tcolorbox/tcbskinsjigsaw.code.tex
Library (tcolorbox): 'tcbskinsjigsaw.code.tex' version '3.96'
)) (/usr/share/texlive/texmf-dist/tex/latex/tcolorbox/tcbbreakable.code.tex
Library (tcolorbox): 'tcbbreakable.code.tex' version '3.96'
\tcb@testbox=\box46
\tcb@totalupperbox=\box47
\tcb@totallowerbox=\box48
)) (./macrosShowResult.tex)
(/usr/share/texlive/texmf-dist/tex/latex/base/makeidx.sty
Package: makeidx 2014/09/29 v1.0m Standard LaTeX package
)
\@indexfile=\write6
\openout6 = `p-report.idx'.


Writing index file p-report.idx
(./p-report.aux)
\openout1 = `p-report.aux'.

LaTeX Font Info:    Checking defaults for OML/cmm/m/it on input line 76.
LaTeX Font Info:    ... okay on input line 76.
LaTeX Font Info:    Checking defaults for T1/cmr/m/n on input line 76.
LaTeX Font Info:    ... okay on input line 76.
LaTeX Font Info:    Checking defaults for OT1/cmr/m/n on input line 76.
LaTeX Font Info:    ... okay on input line 76.
LaTeX Font Info:    Checking defaults for OMS/cmsy/m/n on input line 76.
LaTeX Font Info:    ... okay on input line 76.
LaTeX Font Info:    Checking defaults for OMX/cmex/m/n on input line 76.
LaTeX Font Info:    ... okay on input line 76.
LaTeX Font Info:    Checking defaults for U/cmr/m/n on input line 76.
LaTeX Font Info:    ... okay on input line 76.
LaTeX Font Info:    Checking defaults for PD1/pdf/m/n on input line 76.
LaTeX Font Info:    ... okay on input line 76.

*geometry* driver: auto-detecting
*geometry* detected driver: pdftex
*geometry* verbose mode - [ preamble ] result:
* driver: pdftex
* paper: a4paper
* layout: <same size as paper>
* layoutoffset:(h,v)=(0.0pt,0.0pt)
* modes: twoside 
* h-part:(L,W,R)=(71.70166pt, 418.25368pt, 107.55254pt)
* v-part:(T,H,B)=(101.40665pt, 591.5302pt, 152.11pt)
* \paperwidth=597.50787pt
* \paperheight=845.04684pt
* \textwidth=418.25368pt
* \textheight=591.5302pt
* \oddsidemargin=-0.56833pt
* \evensidemargin=35.28255pt
* \topmargin=-0.93083pt
* \headheight=12.0pt
* \headsep=18.06749pt
* \topskip=10.0pt
* \footskip=25.29494pt
* \marginparwidth=125.0pt
* \marginparsep=7.0pt
* \columnsep=10.0pt
* \skip\footins=9.0pt plus 4.0pt minus 2.0pt
* \hoffset=0.0pt
* \voffset=0.0pt
* \mag=1000
* \@twocolumnfalse
* \@twosidetrue
* \@mparswitchtrue
* \@reversemarginfalse
* (1in=72.27pt=25.4mm, 1cm=28.453pt)

\AtBeginShipoutBox=\box49
Package hyperref Info: Link coloring ON on input line 76.
(/usr/share/texlive/texmf-dist/tex/latex/hyperref/nameref.sty
Package: nameref 2016/05/21 v2.44 Cross-referencing by name of section

(/usr/share/texlive/texmf-dist/tex/generic/oberdiek/gettitlestring.sty
Package: gettitlestring 2016/05/16 v1.5 Cleanup title references (HO)
)
\c@section@level=\count125
)
LaTeX Info: Redefining \ref on input line 76.
LaTeX Info: Redefining \pageref on input line 76.
LaTeX Info: Redefining \nameref on input line 76.

(./p-report.out) (./p-report.out)
\@outlinefile=\write7
\openout7 = `p-report.out'.

 ABD: EveryShipout initializing macros
(/usr/share/texlive/texmf-dist/tex/context/base/mkii/supp-pdf.mkii
[Loading MPS to PDF converter (version 2006.09.02).]
\scratchcounter=\count126
\scratchdimen=\dimen163
\scratchbox=\box50
\nofMPsegments=\count127
\nofMParguments=\count128
\everyMPshowfont=\toks31
\MPscratchCnt=\count129
\MPscratchDim=\dimen164
\MPnumerator=\count130
\makeMPintoPDFobject=\count131
\everyMPtoPDFconversion=\toks32
) (/usr/share/texlive/texmf-dist/tex/latex/oberdiek/epstopdf-base.sty
Package: epstopdf-base 2016/05/15 v2.6 Base part for package epstopdf

(/usr/share/texlive/texmf-dist/tex/latex/oberdiek/grfext.sty
Package: grfext 2016/05/16 v1.2 Manage graphics extensions (HO)
)
Package epstopdf-base Info: Redefining graphics rule for `.eps' on input line 4
38.
Package grfext Info: Graphics extension search list:
(grfext)             [.png,.pdf,.jpg,.mps,.jpeg,.jbig2,.jb2,.PNG,.PDF,.JPG,.JPE
G,.JBIG2,.JB2,.eps]
(grfext)             \AppendGraphicsExtensions on input line 456.

(/usr/share/texlive/texmf-dist/tex/latex/latexconfig/epstopdf-sys.cfg
File: epstopdf-sys.cfg 2010/07/13 v1.3 Configuration of (r)epstopdf for TeX Liv
e
))
[1


{/var/lib/texmf/fonts/map/pdftex/updmap/pdftex.map}] [2

] (./p-report.toc
LaTeX Font Info:    External font `cmex10' loaded for size
(Font)              <7> on input line 3.
LaTeX Font Info:    External font `cmex10' loaded for size
(Font)              <5> on input line 3.

[3] [4]
Underfull \vbox (badness 4132) has occurred while \output is active []

 [5]
Underfull \vbox (badness 5288) has occurred while \output is active []

 [6]
[7])
\tf@toc=\write8
\openout8 = `p-report.toc'.

 (./01-introduction.tex [8]
Chapter 1.
LaTeX Font Info:    Try loading font information for OMS+cmr on input line 28.
(/usr/share/texlive/texmf-dist/tex/latex/base/omscmr.fd
File: omscmr.fd 2014/09/29 v2.5h Standard LaTeX font definitions
)
LaTeX Font Info:    Font shape `OMS/cmr/m/n' in size <10> not available
(Font)              Font shape `OMS/cmsy/m/n' tried instead on input line 28.
)
(./02-fundamentals.tex [9

] [10

]
Chapter 2.

Underfull \hbox (badness 10000) in paragraph at lines 27--28

 []

[11] [12] [13]
Underfull \hbox (badness 10000) in paragraph at lines 222--223

 []

[14]
Underfull \hbox (badness 10000) in paragraph at lines 229--230

 []


Underfull \hbox (badness 10000) in paragraph at lines 238--239

 []


Underfull \hbox (badness 10000) in paragraph at lines 247--248

 []


Underfull \hbox (badness 10000) in paragraph at lines 249--253

 []


Underfull \hbox (badness 10000) in paragraph at lines 259--260

 []

) (./03-language_forms.tex [15] [16

]
Chapter 3.
[17] [18] [19] [20]) (./04-program_structure.tex [21] [22

]
Chapter 4.
(./Program.bnf) (./Module.bnf) (./SystemPart.bnf
Underfull \hbox (badness 10000) in paragraph at lines 7--11

 []

) (./ProblemPart.bnf)
Underfull \vbox (badness 10000) has occurred while \output is active []

 [23]
[24] [25] [26] (./Identification.bnf
Underfull \hbox (badness 10000) in paragraph at lines 1--4

 []

) (./IdentificationAttribute.bnf
Underfull \hbox (badness 10000) in paragraph at lines 1--3

 []

) (./Block.bnf) [27]
Underfull \vbox (badness 10000) has occurred while \output is active []

 [28]
(./GlobalAttribute.bnf) [29]) (./05-variables_and_constants.tex [30]
Chapter 5.

Underfull \hbox (badness 10000) in paragraph at lines 20--26

 []


Underfull \vbox (badness 10000) has occurred while \output is active []

 [31

]
(./ScalarVariableDeclaration.bnf) (./ScalarDeclareDataSentence.bnf)
(./TypeAttribute.bnf) (./SimpleType.bnf) (./ScalarVariableSpecification.bnf)
(./VariableDenotationS.bnf) [32] (./TypeFixed.bnf) (./Precision.bnf
Underfull \hbox (badness 10000) in paragraph at lines 1--3

 []

) [33] (./TypeFloat.bnf) [34] (./TypeBitString.bnf) (./LengthOfString.bnf)
[35] (./TypeCharacterString.bnf)
Underfull \vbox (badness 10000) has occurred while \output is active []

 [36]
(./LengthDefinition.bnf) [37] (./TypeClock.bnf) [38] (./TypeDuration.bnf)
[39] (./TypeReference.bnf) (./VirtualDimensionList.bnf) (./Dereferentiation.bnf
)
Underfull \vbox (badness 1577) has occurred while \output is active []

 [40]
[41] [42] [43] (./ArrayDeclaration.bnf) (./ArrayDenotation.bnf)
(./TypeAttributeForArray.bnf) (./DimensionAttribute.bnf)
(./DimensionBoundaries.bnf)
Underfull \vbox (badness 10000) has occurred while \output is active []

 [44]
(./ArraySpecification.bnf) (./ArrayDenotationS.bnf) (./VirtualDimensionList.bnf
)
Underfull \vbox (badness 10000) has occurred while \output is active []

 [45]
[46] [47] [48] (./StructureDeclaration.bnf) (./StructureDenotation.bnf)
(./TypeStructure.bnf)
Underfull \hbox (badness 10000) in paragraph at lines 1--992

 []

(./StructureComponent.bnf)
Underfull \hbox (badness 10000) in paragraph at lines 1--996

 []

(./TypeAttributeInStructureComponent.bnf)
Underfull \hbox (badness 10000) in paragraph at lines 1--1001

 []

(./StructureSpecification.bnf) (./StructureDenotationS.bnf) [49]
(./TypeDefinition.bnf)
Underfull \hbox (badness 10000) in paragraph at lines 1--1154

 []


Underfull \vbox (badness 10000) has occurred while \output is active []

 [50]
(./InitialisationAttribute.bnf)
Underfull \hbox (badness 10000) in paragraph at lines 1--1192

 []

(./InitElement.bnf)
Underfull \hbox (badness 10000) in paragraph at lines 1--1194

 []

(./Constant.bnf) [51]
Underfull \hbox (badness 10000) in paragraph at lines 1265--1267

 []

[52]
Underfull \hbox (badness 10000) in paragraph at lines 1333--1335

 []

[53] (./ConstantExpression.bnf
Underfull \hbox (badness 10000) in paragraph at lines 1--5

 []

) (./ConstantFIXEDExpression.bnf
Underfull \hbox (badness 10000) in paragraph at lines 1--3

 []

) (./Term.bnf
Underfull \hbox (badness 10000) in paragraph at lines 1--4

 []

) (./Factor.bnf) [54]) (./06-expressions.tex [55] [56

]
Chapter 6.
[57] (./Name.bnf) (./Index.bnf
Underfull \hbox (badness 10000) in paragraph at lines 1--3

 []

) (./Expression.bnf
Underfull \hbox (badness 10000) in paragraph at lines 1--4

 []

) (./MonadicOperator.bnf) (./DyadicOperator.bnf) (./Operand.bnf
Underfull \hbox (badness 10000) in paragraph at lines 1--12

 []

) [58] (./Dereferentiation.bnf) (./StringSelection.bnf) [59] [60] [61]
Overfull \hbox (5.96922pt too wide) in paragraph at lines 372--413
 [] 
 []

[62]
Overfull \hbox (13.86615pt too wide) in paragraph at lines 494--535
 [] 
 []


Underfull \vbox (badness 10000) has occurred while \output is active []

 [63]
[64]
Overfull \hbox (20.40778pt too wide) in paragraph at lines 567--626
 [] 
 []


Overfull \hbox (19.2966pt too wide) in paragraph at lines 670--748
 [] 
 []


LaTeX Warning: Float too large for page by 54.64055pt on input line 749.


Overfull \hbox (30.796pt too wide) in paragraph at lines 756--797
 [] 
 []


Overfull \hbox (10.9349pt too wide) in paragraph at lines 854--872
 [] 
 []

[65] [66] [67] [68] [69] (./Assignment.bnf) (./ScalarAssignment.bnf [70])
[71] (./StructureAssignment.bnf)) (./07-sequential.tex [72]
Chapter 7.
(./SequentialControlStatement.bnf) (./EmptyStatement.bnf
Underfull \hbox (badness 10000) in paragraph at lines 1--3

 []

[73

]) (./IfStatement.bnf
Underfull \hbox (badness 10000) in paragraph at lines 1--6

 []

) [74] (./CaseStatement.bnf
Underfull \hbox (badness 10000) in paragraph at lines 1--3

 []

) (./CaseStatement1.bnf
Underfull \hbox (badness 10000) in paragraph at lines 1--6

 []

) [75] (./CaseStatement2.bnf
Underfull \hbox (badness 10000) in paragraph at lines 1--7

 []

) (./CaseIndex.bnf
Underfull \hbox (badness 10000) in paragraph at lines 1--3

 []

) (./CaseList.bnf
Underfull \hbox (badness 10000) in paragraph at lines 1--4

 []

) (./IndexRange.bnf
Underfull \hbox (badness 10000) in paragraph at lines 8--13

 []

)
Underfull \vbox (badness 1577) has occurred while \output is active []

 [76]
[77] (./LoopStatement.bnf
Underfull \hbox (badness 10000) in paragraph at lines 1--11

 []

)
Underfull \vbox (badness 10000) has occurred while \output is active []

 [78]

LaTeX Warning: Float too large for page by 44.58252pt on input line 441.

(./GoToStatement.bnf
Underfull \hbox (badness 10000) in paragraph at lines 1--3

 []

) (./ExitStatement.bnf
Underfull \hbox (badness 10000) in paragraph at lines 1--3

 []

[79])) (./08-procedures.tex [80] [81] [82

]
Chapter 8.

Underfull \vbox (badness 10000) has occurred while \output is active []

 [83]
[84] (./ProcedureDeclaration.bnf
Underfull \hbox (badness 10000) in paragraph at lines 1--7

 []

) (./ProcedureBody.bnf
Underfull \hbox (badness 10000) in paragraph at lines 1--5

 []

) (./ListOfFormalParameters.bnf
Underfull \hbox (badness 10000) in paragraph at lines 1--3

 []

) (./FormalParameter.bnf
Underfull \hbox (badness 10000) in paragraph at lines 1--4

 []

) (./VirtualDimensionList.bnf) (./ParameterType.bnf) (./ResultAttribute.bnf
Underfull \hbox (badness 10000) in paragraph at lines 1--3

 []

) (./TypeRealTimeObject.bnf
Underfull \hbox (badness 10000) in paragraph at lines 1--4

 []

) (./ResultType.bnf
Underfull \hbox (badness 10000) in paragraph at lines 1--4

 []

) (./ProcedureSpecification.bnf [85]) (./ListOfParametersForSPC.bnf)
(./ParameterSpecification.bnf) (./ReturnStatement.bnf
Underfull \hbox (badness 10000) in paragraph at lines 1--3

 []

)
Underfull \hbox (badness 10000) in paragraph at lines 176--178

 []

[86] (./ProcedureCall.bnf
Underfull \hbox (badness 10000) in paragraph at lines 1--4

 []

) (./ListOfActualParameters.bnf
Underfull \hbox (badness 10000) in paragraph at lines 1--3

 []

) (./FunctionCall.bnf
Underfull \hbox (badness 10000) in paragraph at lines 1--4

 []

) [87] [88] (./ProcedureReferenceDeclaration.bnf) (./TypeProcedure.bnf)
[89] (./ProcedureReferenceSpecification.bnf) (./RefProcAssignment.bnf))
(./09-parallel_activities.tex [90]
Chapter 9.

Underfull \vbox (badness 1688) has occurred while \output is active []

 [91

]
(./TaskDeclaration.bnf
Underfull \hbox (badness 10000) in paragraph at lines 1--6

 []

) (./PriorityAttribute.bnf
Underfull \hbox (badness 10000) in paragraph at lines 1--4

 []

) (./TaskBody.bnf) [92] (./TaskSpecification.bnf)
(./TaskReferenceDeclaration.bnf) (./TaskReferenceSpecification.bnf) [93]
Underfull \hbox (badness 10000) in paragraph at lines 210--214

 []

(./RefTaskAssignment.bnf) [94] [95] (./TaskStarting.bnf
Underfull \hbox (badness 10000) in paragraph at lines 1--4

 []

) (./StartCondition.bnf
Underfull \hbox (badness 10000) in paragraph at lines 1--9

 []

[96]) (./Frequency.bnf
Underfull \hbox (badness 10000) in paragraph at lines 1--5

 []

)
LaTeX Font Info:    External font `cmex10' loaded for size
(Font)              <8> on input line 407.
LaTeX Font Info:    External font `cmex10' loaded for size
(Font)              <6> on input line 407.
 [97]
Underfull \vbox (badness 5637) has occurred while \output is active []

 [98]
\normalstmt=\box51
\compare=\box52

[99] [100] (./TaskTerminating.bnf
Underfull \hbox (badness 10000) in paragraph at lines 1--3

 []

) [101] (./TaskSuspending.bnf
Underfull \hbox (badness 10000) in paragraph at lines 1--3

 []

) (./TaskContinuing.bnf) (./SimpleStartCondition.bnf [102])
Overfull \hbox (11.77603pt too wide) in paragraph at lines 1154--1154
 \OT1/cmr/m/n/5 ContinuationCondition 
 []


Overfull \hbox (2.26004pt too wide) in paragraph at lines 1155--1155
 \OT1/cmr/m/n/5 CONTINUE 
 []


LaTeX Warning: \oval, \circle, or \line size unavailable on input line 1162.


LaTeX Warning: \oval, \circle, or \line size unavailable on input line 1166.


LaTeX Warning: \oval, \circle, or \line size unavailable on input line 1171.


LaTeX Warning: \oval, \circle, or \line size unavailable on input line 1181.


LaTeX Warning: \oval, \circle, or \line size unavailable on input line 1186.


LaTeX Warning: \oval, \circle, or \line size unavailable on input line 1190.


LaTeX Warning: \oval, \circle, or \line size unavailable on input line 1191.


LaTeX Warning: \oval, \circle, or \line size unavailable on input line 1195.


Overfull \hbox (1.41275pt too wide) in paragraph at lines 1198--1198
 []\OT1/cmr/m/n/5 ``scheduled'' 
 []


Overfull \hbox (11.77603pt too wide) in paragraph at lines 1199--1199
 \OT1/cmr/m/n/5 ContinuationCondition 
 []


LaTeX Warning: \oval, \circle, or \line size unavailable on input line 1202.


LaTeX Warning: \oval, \circle, or \line size unavailable on input line 1207.


Overfull \hbox (11.77603pt too wide) in paragraph at lines 1210--1210
 \OT1/cmr/m/n/5 ContinuationCondition 
 []


LaTeX Warning: \oval, \circle, or \line size unavailable on input line 1213.


LaTeX Warning: \oval, \circle, or \line size unavailable on input line 1222.


LaTeX Warning: \oval, \circle, or \line size unavailable on input line 1236.


LaTeX Warning: \oval, \circle, or \line size unavailable on input line 1239.


LaTeX Warning: \oval, \circle, or \line size unavailable on input line 1243.


Overfull \hbox (31.2975pt too wide) in paragraph at lines 1246--1247
[][] 
 []

(./TaskResuming.bnf [103] [104]) (./TaskPreventing.bnf
Underfull \hbox (badness 10000) in paragraph at lines 1--3

 []

) [105] [106] [107] [108] [109] [110] (./SemaDeclaration.bnf)
(./SemaStatement.bnf) (./TRYOperator.bnf) (./SemaSpecification.bnf) [111]
[112] (./BoltDeclaration.bnf) (./BoltSpecification.bnf) (./BoltStatement.bnf)
[113] (./SystemInterruptDeclaration.bnf
Underfull \hbox (badness 10000) in paragraph at lines 1--5

 []

[114]) (./InterruptSpecification.bnf) (./InterruptStatement.bnf
Underfull \hbox (badness 10000) in paragraph at lines 1--4

 []

)
Underfull \vbox (badness 5022) has occurred while \output is active []

 [115])
(./10-input_and_output.tex [116]
Chapter 10.
(./SystemPart.bnf
Underfull \hbox (badness 10000) in paragraph at lines 7--11

 []

[117

]) (./UserNameDeclaration.bnf
Underfull \hbox (badness 10000) in paragraph at lines 1--5

 []

)

LaTeX Warning: Reference `signals' on page 118 undefined on input line 125.

(./SystemDationDeclaration.bnf
Underfull \hbox (badness 10000) in paragraph at lines 1--4

 []

) (./Association.bnf
Underfull \hbox (badness 10000) in paragraph at lines 2--11

 []

) (./ListOfConstants.bnf
Underfull \hbox (badness 10000) in paragraph at lines 2--6

 []

) (./ConstantParameter.bnf
Underfull \hbox (badness 10000) in paragraph at lines 2--6

 []

) (./ConfigurationElement.bnf
Underfull \hbox (badness 10000) in paragraph at lines 2--6

 []

)
Underfull \vbox (badness 10000) has occurred while \output is active []

 [118]
(./DationSpecification.bnf
Overfull \hbox (75.39351pt too wide) has occurred while \output is active
\OT1/cmr/m/sl/10 10.2.  SPECIFICATION AND DECLARATION OF DATA STATIONS (DATION)
 IN THE PROBLEM PART \OT1/cmr/m/n/10 119
 []

[119]) (./TypeDationSystem.bnf
Underfull \hbox (badness 10000) in paragraph at lines 1--5

 []

) (./DationDeclaration.bnf) (./TypeDation.bnf
Underfull \hbox (badness 10000) in paragraph at lines 1--4

 []


Underfull \vbox (badness 6510) has occurred while \output is active []

 [120])
(./SourceSinkAttribute.bnf
Underfull \hbox (badness 10000) in paragraph at lines 1--3

 []

) (./ClassAttribute.bnf
Underfull \hbox (badness 10000) in paragraph at lines 1--5

 []


Overfull \hbox (75.39351pt too wide) has occurred while \output is active
\OT1/cmr/m/sl/10 10.2.  SPECIFICATION AND DECLARATION OF DATA STATIONS (DATION)
 IN THE PROBLEM PART \OT1/cmr/m/n/10 121
 []

[121]) (./TypeOfTransmissionData.bnf) (./SimpleType.bnf) (./IOCompoundType.bnf)
(./IOStructure.bnf) (./IOStructureComponent.bnf) [122] (./Typology.bnf
Underfull \hbox (badness 10000) in paragraph at lines 7--16

 []

)
Overfull \hbox (75.39351pt too wide) has occurred while \output is active
\OT1/cmr/m/sl/10 10.2.  SPECIFICATION AND DECLARATION OF DATA STATIONS (DATION)
 IN THE PROBLEM PART \OT1/cmr/m/n/10 123
 []

[123] [124] (./AccessAttribute.bnf
Underfull \hbox (badness 10000) in paragraph at lines 1--6

 []

)
Underfull \hbox (badness 10000) in paragraph at lines 609--610

 []


Overfull \hbox (75.39351pt too wide) has occurred while \output is active
\OT1/cmr/m/sl/10 10.2.  SPECIFICATION AND DECLARATION OF DATA STATIONS (DATION)
 IN THE PROBLEM PART \OT1/cmr/m/n/10 125
 []

[125]
Overfull \hbox (11.56749pt too wide) in paragraph at lines 639--639
[]\OT1/cmr/bx/n/14.4 Opening and Clos-ing of Data Sta-tions (OPEN, CLOSE) 
 []

(./OpenStatement.bnf
Underfull \hbox (badness 10000) in paragraph at lines 1--4

 []

) (./OpenParameter.bnf
Underfull \hbox (badness 10000) in paragraph at lines 2--9

 []

) [126] (./CloseStatement.bnf
Underfull \hbox (badness 10000) in paragraph at lines 1--5

 []

) (./CloseParameter.bnf
Underfull \hbox (badness 10000) in paragraph at lines 1--4

 []

) [127] [128] (./ReadStatement.bnf [129]) (./WriteStatement.bnf) (./Slice.bnf
Underfull \hbox (badness 10000) in paragraph at lines 2--4

 []

) (./Position.bnf
Underfull \hbox (badness 10000) in paragraph at lines 1--9

 []

) (./AbsolutePosition.bnf) (./RelativePosition.bnf)
Underfull \vbox (badness 10000) has occurred while \output is active []

 [130]

LaTeX Warning: \oval, \circle, or \line size unavailable on input line 1026.


LaTeX Warning: \oval, \circle, or \line size unavailable on input line 1035.


LaTeX Warning: \oval, \circle, or \line size unavailable on input line 1041.


LaTeX Warning: \oval, \circle, or \line size unavailable on input line 1042.


Underfull \vbox (badness 10000) has occurred while \output is active []

 [131]
[132]
Underfull \vbox (badness 4819) has occurred while \output is active []

 [133]
[134] (./GetStatement.bnf
Underfull \hbox (badness 10000) in paragraph at lines 1--7

 []

) (./PutStatement.bnf
Underfull \hbox (badness 10000) in paragraph at lines 1--8

 []

) (./FormatOrPosition.bnf
Underfull \hbox (badness 10000) in paragraph at lines 1--4

 []

) (./FormatFactor.bnf
Underfull \hbox (badness 10000) in paragraph at lines 1--4

 []

) (./Format.bnf
Underfull \hbox (badness 10000) in paragraph at lines 1--6

 []

) [135]
Underfull \vbox (badness 10000) has occurred while \output is active []

 [136]
(./FixedFormat.bnf) (./FieldWidth.bnf) (./DecimalPositions.bnf) [137]
(./FloatFormat.bnf) (./Significance.bnf) [138]
Underfull \hbox (badness 10000) in paragraph at lines 1652--1653

 []


Underfull \hbox (badness 10000) in paragraph at lines 1694--1695

 []

(./CharacterStringFormat.bnf) [139]
Underfull \hbox (badness 10000) in paragraph at lines 1738--1739

 []


Underfull \hbox (badness 10000) in paragraph at lines 1758--1759

 []

[140] (./BitFormat.bnf)
Underfull \hbox (badness 10000) in paragraph at lines 1855--1856

 []


Underfull \hbox (badness 10000) in paragraph at lines 1871--1872

 []

[141] (./TimeFormat.bnf)
Underfull \hbox (badness 10000) in paragraph at lines 1935--1936

 []


Underfull \hbox (badness 10000) in paragraph at lines 1958--1959

 []

[142] (./DurationFormat.bnf)
Underfull \hbox (badness 10000) in paragraph at lines 2011--2012

 []


Underfull \hbox (badness 10000) in paragraph at lines 2048--2049

 []

[143] (./ListFormat.bnf) [144] (./FormatDeclaration.bnf) (./RFormat.bnf)
(./ConvertToStatement.bnf
Underfull \hbox (badness 10000) in paragraph at lines 1--7

 []

) (./ConvertFromStatement.bnf
Underfull \hbox (badness 10000) in paragraph at lines 1--7

 []

[145]) (./FormatOrPositionConvert.bnf
Underfull \hbox (badness 10000) in paragraph at lines 1--6

 []

) (./PositionConvert.bnf
Underfull \hbox (badness 10000) in paragraph at lines 2--7

 []

) (./TakeStatement.bnf
Underfull \hbox (badness 10000) in paragraph at lines 1--4

 []

) (./SendStatement.bnf
Underfull \hbox (badness 10000) in paragraph at lines 1--4

 []

) (./RSTFormat.bnf
Underfull \hbox (badness 10000) in paragraph at lines 1--3

 []

[146]) [147]) (./11-signals.tex [148]
Chapter 11.
(./SystemSignalDeclaration.bnf
Underfull \hbox (badness 10000) in paragraph at lines 1--4

 []

) [149

] (./SignalSpecification.bnf) (./UserSignalDeclaration.bnf
LaTeX Font Info:    Font shape `OMS/cmr/bx/n' in size <10> not available
(Font)              Font shape `OMS/cmsy/b/n' tried instead on input line 2.
)
(./SchedulingSignalReaction.bnf) (./SignalReaction.bnf)
(./SignalFinalStatement.bnf) (./InduceStatement.bnf
Underfull \hbox (badness 10000) in paragraph at lines 1--4

 []

) [150] (./InduceStatement.bnf
Underfull \hbox (badness 10000) in paragraph at lines 1--4

 []

) [151]
Underfull \vbox (badness 10000) has occurred while \output is active []

 [152])
(./90-appendix.tex [153] [154

]
Appendix A.

Overfull \hbox (4.1497pt too wide) in paragraph at lines 38--65
[][] 
 []

[155]
Underfull \hbox (badness 10000) in paragraph at lines 92--94

 []


Underfull \hbox (badness 10000) in paragraph at lines 103--107

 []

[156] [157]
Underfull \hbox (badness 10000) in paragraph at lines 168--169

 []


Underfull \hbox (badness 10000) in paragraph at lines 184--193

 []

(./Program.bnf)
Underfull \hbox (badness 10000) in paragraph at lines 1--200

 []

(./Module.bnf) (./SystemPart.bnf
Underfull \hbox (badness 10000) in paragraph at lines 7--11

 []


Underfull \vbox (badness 10000) has occurred while \output is active []

 [158])
(./UserNameDeclaration.bnf
Underfull \hbox (badness 10000) in paragraph at lines 1--5

 []

) (./SystemDationDeclaration.bnf
Underfull \hbox (badness 10000) in paragraph at lines 1--4

 []

) (./SystemSignalDeclaration.bnf
Underfull \hbox (badness 10000) in paragraph at lines 1--4

 []

) (./SystemInterruptDeclaration.bnf
Underfull \hbox (badness 10000) in paragraph at lines 1--5

 []

) (./ConfigurationElement.bnf
Underfull \hbox (badness 10000) in paragraph at lines 2--6

 []

) (./ListOfConstants.bnf
Underfull \hbox (badness 10000) in paragraph at lines 2--6

 []

) (./ConstantParameter.bnf
Underfull \hbox (badness 10000) in paragraph at lines 2--6

 []

) (./Association.bnf
Underfull \hbox (badness 10000) in paragraph at lines 2--11

 []

)
Underfull \hbox (badness 10000) in paragraph at lines 225--227

 []


Underfull \hbox (badness 10000) in paragraph at lines 228--230

 []

[159]
Underfull \hbox (badness 10000) in paragraph at lines 231--233

 []

(./Constant.bnf) (./Integer.bnf) (./IntegerWithoutPrecision.bnf)
Underfull \hbox (badness 10000) in paragraph at lines 1--239

 []

(./Precision.bnf
Underfull \hbox (badness 10000) in paragraph at lines 1--3

 []

)
Underfull \hbox (badness 10000) in paragraph at lines 242--244

 []


Underfull \hbox (badness 10000) in paragraph at lines 245--248

 []


Underfull \hbox (badness 10000) in paragraph at lines 249--251

 []


Underfull \hbox (badness 10000) in paragraph at lines 252--254

 []


Underfull \hbox (badness 10000) in paragraph at lines 255--256

 []


Underfull \hbox (badness 10000) in paragraph at lines 257--258

 []


Underfull \vbox (badness 4608) has occurred while \output is active []

 [160]
Underfull \hbox (badness 10000) in paragraph at lines 259--260

 []


Underfull \hbox (badness 10000) in paragraph at lines 261--262

 []


Underfull \hbox (badness 10000) in paragraph at lines 263--265

 []


Underfull \hbox (badness 10000) in paragraph at lines 266--269

 []


Underfull \hbox (badness 10000) in paragraph at lines 270--272

 []


Underfull \hbox (badness 10000) in paragraph at lines 273--275

 []


Underfull \hbox (badness 10000) in paragraph at lines 276--280

 []


Underfull \hbox (badness 10000) in paragraph at lines 281--283

 []


Underfull \hbox (badness 10000) in paragraph at lines 284--286

 []

(./ConstantExpression.bnf
Underfull \hbox (badness 10000) in paragraph at lines 1--5

 []

) (./ConstantFIXEDExpression.bnf
Underfull \hbox (badness 10000) in paragraph at lines 1--3

 []


Underfull \vbox (badness 10000) has occurred while \output is active []

 [161])
(./Term.bnf
Underfull \hbox (badness 10000) in paragraph at lines 1--4

 []

) (./Factor.bnf) (./ProblemPart.bnf)
Underfull \hbox (badness 10000) in paragraph at lines 1--302

 []


Underfull \hbox (badness 10000) in paragraph at lines 305--314

 []

(./LengthDefinition.bnf) (./TypeDefinition.bnf) (./Type.bnf [162])
(./TypeFixed.bnf) (./TypeFloat.bnf) (./TypeBitString.bnf)
(./TypeCharacterString.bnf) (./TypeClock.bnf) (./TypeDuration.bnf)
(./LengthOfString.bnf) (./ScalarVariableDeclaration.bnf)
(./ScalarDeclareDataSentence.bnf) (./TypeAttribute.bnf)
Underfull \hbox (badness 10000) in paragraph at lines 344--347

 []


Underfull \hbox (badness 10000) in paragraph at lines 348--352

 []


Underfull \hbox (badness 10000) in paragraph at lines 357--362

 []


Underfull \vbox (badness 10000) has occurred while \output is active []

 [163]
(./OneIdentifierOrList.bnf
Underfull \hbox (badness 10000) in paragraph at lines 1--3

 []

) (./DimensionAttribute.bnf) (./DimensionBoundaries.bnf)
Underfull \hbox (badness 10000) in paragraph at lines 370--374

 []

(./SimpleType.bnf)
Underfull \hbox (badness 10000) in paragraph at lines 377--379

 []

(./StructureComponent.bnf)
Underfull \hbox (badness 10000) in paragraph at lines 1--383

 []

(./TypeAttributeInStructureComponent.bnf)
Underfull \hbox (badness 10000) in paragraph at lines 1--385

 []

(./TypeReference.bnf
Underfull \vbox (badness 10000) has occurred while \output is active []

 [164])
(./VirtualDimensionList.bnf) (./ArrayDeclaration.bnf) (./ArrayDenotation.bnf)
(./TypeAttributeForArray.bnf) (./ArraySpecification.bnf)
(./ArrayDenotationS.bnf) (./StructureDeclaration.bnf)
(./StructureDenotation.bnf) (./TypeStructure.bnf) (./StructureSpecification.bnf
) (./StructureDenotationS.bnf)
Underfull \hbox (badness 10000) in paragraph at lines 411--415

 []


Underfull \vbox (badness 10000) has occurred while \output is active []

 [165]
Underfull \hbox (badness 10000) in paragraph at lines 416--418

 []

(./GlobalAttribute.bnf)
Underfull \hbox (badness 10000) in paragraph at lines 1--420

 []

(./InitialisationAttribute.bnf)
Underfull \hbox (badness 10000) in paragraph at lines 1--422

 []

(./InitElement.bnf)
Underfull \hbox (badness 10000) in paragraph at lines 1--424

 []

(./DationDeclaration.bnf) (./TypeDationSystem.bnf
Underfull \hbox (badness 10000) in paragraph at lines 1--5

 []

) (./TypeDation.bnf
Underfull \hbox (badness 10000) in paragraph at lines 1--4

 []

) (./SourceSinkAttribute.bnf
Underfull \hbox (badness 10000) in paragraph at lines 1--3

 []

) (./ClassAttribute.bnf
Underfull \hbox (badness 10000) in paragraph at lines 1--5

 []


Underfull \vbox (badness 10000) has occurred while \output is active []

 [166])
(./TypeOfTransmissionData.bnf) (./IOCompoundType.bnf) (./IOStructure.bnf)
(./IOStructureComponent.bnf) (./Typology.bnf
Underfull \hbox (badness 10000) in paragraph at lines 7--16

 []

) (./AccessAttribute.bnf
Underfull \hbox (badness 10000) in paragraph at lines 1--6

 []

)
Underfull \hbox (badness 10000) in paragraph at lines 453--455

 []

(./ProcedureDeclaration.bnf
Underfull \hbox (badness 10000) in paragraph at lines 1--7

 []

) (./ProcedureBody.bnf
Underfull \hbox (badness 10000) in paragraph at lines 1--5

 []

) (./ListOfFormalParameters.bnf
Underfull \hbox (badness 10000) in paragraph at lines 1--3

 []


Underfull \vbox (badness 10000) has occurred while \output is active []

 [167])
(./FormalParameter.bnf
Underfull \hbox (badness 10000) in paragraph at lines 1--4

 []

) (./ParameterType.bnf) (./TypeRealTimeObject.bnf
Underfull \hbox (badness 10000) in paragraph at lines 1--4

 []

) (./ResultAttribute.bnf
Underfull \hbox (badness 10000) in paragraph at lines 1--3

 []

) (./ResultType.bnf
Underfull \hbox (badness 10000) in paragraph at lines 1--4

 []

) (./TaskDeclaration.bnf
Underfull \hbox (badness 10000) in paragraph at lines 1--6

 []

) (./TaskBody.bnf) (./PriorityAttribute.bnf
Underfull \hbox (badness 10000) in paragraph at lines 1--4

 []

) (./ScalarVariableSpecification.bnf) (./VariableDenotationS.bnf)
Underfull \vbox (badness 5022) has occurred while \output is active []

 [168]
Underfull \hbox (badness 10000) in paragraph at lines 498--500

 []


Underfull \hbox (badness 10000) in paragraph at lines 501--504

 []


Underfull \hbox (badness 10000) in paragraph at lines 505--515

 []


Underfull \hbox (badness 10000) in paragraph at lines 516--520

 []

(./ProcedureSpecification.bnf) (./ListOfParametersForSPC.bnf)
(./ParameterSpecification.bnf) (./TypeProcedure.bnf)
Underfull \hbox (badness 10000) in paragraph at lines 536--538

 []

(./Identification.bnf
Underfull \hbox (badness 10000) in paragraph at lines 1--4

 []

) (./IdentificationAttribute.bnf
Underfull \hbox (badness 10000) in paragraph at lines 1--3

 []


Underfull \vbox (badness 10000) has occurred while \output is active []

 [169])
(./Expression.bnf
Underfull \hbox (badness 10000) in paragraph at lines 1--4

 []

) (./MonadicOperator.bnf) (./DyadicOperator.bnf) (./Operand.bnf
Underfull \hbox (badness 10000) in paragraph at lines 1--12

 []

) (./Name.bnf) (./Index.bnf
Underfull \hbox (badness 10000) in paragraph at lines 1--3

 []

) (./FunctionCall.bnf
Underfull \hbox (badness 10000) in paragraph at lines 1--4

 []

) (./ListOfActualParameters.bnf
Underfull \hbox (badness 10000) in paragraph at lines 1--3

 []

) (./Dereferentiation.bnf) (./StringSelection.bnf) [170]
Underfull \hbox (badness 10000) in paragraph at lines 574--576

 []


Underfull \hbox (badness 10000) in paragraph at lines 577--580

 []

(./EmptyStatement.bnf
Underfull \hbox (badness 10000) in paragraph at lines 1--3

 []

) (./Assignment.bnf) (./ScalarAssignment.bnf) (./StructureAssignment.bnf)
(./RefProcAssignment.bnf) (./Block.bnf)
Underfull \hbox (badness 10000) in paragraph at lines 1--589

 []

(./SequentialControlStatement.bnf) (./IfStatement.bnf
Underfull \hbox (badness 10000) in paragraph at lines 1--6

 []

) (./CaseStatement.bnf
Underfull \hbox (badness 10000) in paragraph at lines 1--3

 []


Underfull \vbox (badness 5022) has occurred while \output is active []

 [171])
(./CaseStatement1.bnf
Underfull \hbox (badness 10000) in paragraph at lines 1--6

 []

) (./CaseStatement2.bnf
Underfull \hbox (badness 10000) in paragraph at lines 1--7

 []

) (./CaseIndex.bnf
Underfull \hbox (badness 10000) in paragraph at lines 1--3

 []

) (./CaseList.bnf
Underfull \hbox (badness 10000) in paragraph at lines 1--4

 []

) (./IndexRange.bnf
Underfull \hbox (badness 10000) in paragraph at lines 8--13

 []

) (./LoopStatement.bnf
Underfull \hbox (badness 10000) in paragraph at lines 1--11

 []

) (./ExitStatement.bnf
Underfull \hbox (badness 10000) in paragraph at lines 1--3

 []

) (./ProcedureCall.bnf
Underfull \hbox (badness 10000) in paragraph at lines 1--4

 []


Underfull \vbox (badness 10000) has occurred while \output is active []

 [172])
(./ReturnStatement.bnf
Underfull \hbox (badness 10000) in paragraph at lines 1--3

 []

) (./GoToStatement.bnf
Underfull \hbox (badness 10000) in paragraph at lines 1--3

 []

)
Underfull \hbox (badness 10000) in paragraph at lines 616--619

 []


Underfull \hbox (badness 10000) in paragraph at lines 620--624

 []

(./TaskStarting.bnf
Underfull \hbox (badness 10000) in paragraph at lines 1--4

 []

) (./SimpleStartCondition.bnf) (./PriorityExpression.bnf
Underfull \hbox (badness 10000) in paragraph at lines 1--4

 []

) (./StartCondition.bnf
Underfull \hbox (badness 10000) in paragraph at lines 1--9

 []

) (./Frequency.bnf
Underfull \hbox (badness 10000) in paragraph at lines 1--5

 []

) (./TaskTerminating.bnf
Underfull \hbox (badness 10000) in paragraph at lines 1--3

 []


Underfull \vbox (badness 10000) has occurred while \output is active []

 [173])
(./TaskSuspending.bnf
Underfull \hbox (badness 10000) in paragraph at lines 1--3

 []

) (./TaskContinuing.bnf) (./TaskResuming.bnf) (./TaskPreventing.bnf
Underfull \hbox (badness 10000) in paragraph at lines 1--3

 []

) (./TaskCoordinationStatement.bnf) (./SemaStatement.bnf) (./BoltStatement.bnf)
(./InterruptStatement.bnf
Underfull \hbox (badness 10000) in paragraph at lines 1--4

 []

) (./UserSignalDeclaration.bnf) (./SignalStatement.bnf) (./SignalReaction.bnf)
(./SignalFinalStatement.bnf) (./InduceStatement.bnf
Underfull \hbox (badness 10000) in paragraph at lines 1--4

 []


Underfull \vbox (badness 10000) has occurred while \output is active []

 [174])
Underfull \hbox (badness 10000) in paragraph at lines 673--675

 []

(./ConvertToStatement.bnf
Underfull \hbox (badness 10000) in paragraph at lines 1--7

 []

) (./ConvertFromStatement.bnf
Underfull \hbox (badness 10000) in paragraph at lines 1--7

 []

) (./FormatOrPositionConvert.bnf
Underfull \hbox (badness 10000) in paragraph at lines 1--6

 []

) (./PositionConvert.bnf
Underfull \hbox (badness 10000) in paragraph at lines 2--7

 []

)
Underfull \hbox (badness 10000) in paragraph at lines 684--689

 []

(./OpenStatement.bnf
Underfull \hbox (badness 10000) in paragraph at lines 1--4

 []

) (./OpenParameter.bnf
Underfull \hbox (badness 10000) in paragraph at lines 2--9

 []

) (./CloseStatement.bnf
Underfull \hbox (badness 10000) in paragraph at lines 1--5

 []


Underfull \vbox (badness 10000) has occurred while \output is active []

 [175])
(./CloseParameter.bnf
Underfull \hbox (badness 10000) in paragraph at lines 1--4

 []

) (./PutStatement.bnf
Underfull \hbox (badness 10000) in paragraph at lines 1--8

 []

) (./GetStatement.bnf
Underfull \hbox (badness 10000) in paragraph at lines 1--7

 []

) (./WriteStatement.bnf) (./ReadStatement.bnf) (./SendStatement.bnf
Underfull \hbox (badness 10000) in paragraph at lines 1--4

 []

) (./TakeStatement.bnf
Underfull \hbox (badness 10000) in paragraph at lines 1--4

 []

) (./RSTFormat.bnf
Underfull \hbox (badness 10000) in paragraph at lines 1--3

 []

) (./Slice.bnf
Underfull \hbox (badness 10000) in paragraph at lines 2--4

 []

) (./FormatOrPosition.bnf
Underfull \hbox (badness 10000) in paragraph at lines 1--4

 []


Underfull \vbox (badness 10000) has occurred while \output is active []

 [176])
(./FormatFactor.bnf
Underfull \hbox (badness 10000) in paragraph at lines 1--4

 []

) (./Format.bnf
Underfull \hbox (badness 10000) in paragraph at lines 1--6

 []

) (./FixedFormat.bnf) (./FloatFormat.bnf) (./CharacterStringFormat.bnf)
(./BitFormat.bnf) (./TimeFormat.bnf) (./DurationFormat.bnf) (./ListFormat.bnf)
(./RFormat.bnf) (./FieldWidth.bnf) (./DecimalPositions.bnf) (./Significance.bnf
) (./Position.bnf
Underfull \hbox (badness 10000) in paragraph at lines 1--9

 []

) (./AbsolutePosition.bnf
Underfull \vbox (badness 10000) has occurred while \output is active []

 [177])
(./RelativePosition.bnf) [178]
Underfull \hbox (badness 10000) in paragraph at lines 765--765

 []


Underfull \hbox (badness 10000) in paragraph at lines 768--774

 []


Underfull \hbox (badness 10000) in paragraph at lines 775--780

 []


Underfull \hbox (badness 10000) in paragraph at lines 781--792

 []


Underfull \hbox (badness 10000) in paragraph at lines 793--800

 []


Underfull \hbox (badness 10000) in paragraph at lines 801--808

 []


Underfull \hbox (badness 10000) in paragraph at lines 809--818

 []


Underfull \vbox (badness 10000) has occurred while \output is active []


Underfull \hbox (badness 10000) in paragraph at lines 819--822

 []


Underfull \hbox (badness 10000) in paragraph at lines 823--824

 []


Underfull \hbox (badness 10000) in paragraph at lines 825--833

 []


Underfull \hbox (badness 10000) in paragraph at lines 834--836

 []


Underfull \hbox (badness 10000) in paragraph at lines 837--842

 []


Underfull \hbox (badness 10000) in paragraph at lines 843--846

 []


Underfull \hbox (badness 10000) in paragraph at lines 847--851

 []


Underfull \vbox (badness 10000) has occurred while \output is active []

 [179

]
Underfull \hbox (badness 10000) in paragraph at lines 853--859

 []


Underfull \hbox (badness 10000) in paragraph at lines 860--869

 []


Underfull \hbox (badness 10000) in paragraph at lines 870--879

 []


Underfull \hbox (badness 10000) in paragraph at lines 880--888

 []


Underfull \hbox (badness 10000) in paragraph at lines 889--890

 []


Underfull \hbox (badness 10000) in paragraph at lines 891--895

 []


Underfull \vbox (badness 10000) has occurred while \output is active []

 [180]
Underfull \hbox (badness 10000) in paragraph at lines 900--900

 []


Underfull \hbox (badness 10000) in paragraph at lines 903--909

 []


Underfull \hbox (badness 10000) in paragraph at lines 910--915

 []


Underfull \hbox (badness 10000) in paragraph at lines 916--922

 []


Underfull \hbox (badness 10000) in paragraph at lines 923--925

 []


Underfull \hbox (badness 10000) in paragraph at lines 926--931

 []


Underfull \hbox (badness 10000) in paragraph at lines 932--934

 []


Underfull \hbox (badness 10000) in paragraph at lines 935--937

 []


Underfull \hbox (badness 10000) in paragraph at lines 938--941

 []


Underfull \vbox (badness 10000) has occurred while \output is active []



LaTeX Warning: Reference `sec_dation_listformat' on page 181 undefined on input
 line 945.


Underfull \hbox (badness 10000) in paragraph at lines 943--949

 []


Underfull \hbox (badness 10000) in paragraph at lines 950--954

 []


Underfull \hbox (badness 10000) in paragraph at lines 955--957

 []


Underfull \hbox (badness 10000) in paragraph at lines 958--961

 []


Underfull \hbox (badness 10000) in paragraph at lines 962--967

 []


Underfull \hbox (badness 10000) in paragraph at lines 969--976

 []


Underfull \hbox (badness 10000) in paragraph at lines 977--985

 []


Underfull \vbox (badness 10000) has occurred while \output is active []

 [181


]
Underfull \hbox (badness 10000) in paragraph at lines 986--987

 []

No file p-report.ind.
)
Package atveryend Info: Empty hook `BeforeClearDocument' on input line 118.
 [182

]
Package atveryend Info: Empty hook `AfterLastShipout' on input line 118.
 (./p-report.aux)
Package atveryend Info: Executing hook `AtVeryEndDocument' on input line 118.
Package atveryend Info: Executing hook `AtEndAfterFileList' on input line 118.
Package rerunfilecheck Info: File `p-report.out' has not changed.
(rerunfilecheck)             Checksum: 66E066167C89B92695479CB702717DD3;8882.


LaTeX Warning: There were undefined references.

Package atveryend Info: Empty hook `AtVeryVeryEnd' on input line 118.
 )
(\end occurred inside a group at level 1)

### simple group (level 1) entered at line 10 ({)
### bottom level 
Here is how much of TeX's memory you used:
 20166 strings out of 493013
 398002 string characters out of 6135683
 613066 words of memory out of 5000000
 21951 multiletter control sequences out of 15000+600000
 9662 words of font info for 34 fonts, out of 8000000 for 9000
 1141 hyphenation exceptions out of 8191
 54i,10n,85p,927b,541s stack positions out of 5000i,500n,10000p,200000b,80000s
pdfTeX warning (dest): name{ParameterListForSPC} has been refer
enced but does not exist, replaced by a fixed one

</usr/share/texlive/texmf-dist/fonts/type1/public/amsfonts/cm/cmbsy10.pfb></usr
/share/texlive/texmf-dist/fonts/type1/public/amsfonts/cm/cmbx10.pfb></usr/share
/texlive/texmf-dist/fonts/type1/public/amsfonts/cm/cmbx12.pfb></usr/share/texli
ve/texmf-dist/fonts/type1/public/amsfonts/cm/cmmi10.pfb></usr/share/texlive/tex
mf-dist/fonts/type1/public/amsfonts/cm/cmmi5.pfb></usr/share/texlive/texmf-dist
/fonts/type1/public/amsfonts/cm/cmmi7.pfb></usr/share/texlive/texmf-dist/fonts/
type1/public/amsfonts/cm/cmr10.pfb></usr/share/texlive/texmf-dist/fonts/type1/p
ublic/amsfonts/cm/cmr12.pfb></usr/share/texlive/texmf-dist/fonts/type1/public/a
msfonts/cm/cmr5.pfb></usr/share/texlive/texmf-dist/fonts/type1/public/amsfonts/
cm/cmr7.pfb></usr/share/texlive/texmf-dist/fonts/type1/public/amsfonts/cm/cmr8.
pfb></usr/share/texlive/texmf-dist/fonts/type1/public/amsfonts/cm/cmsl10.pfb></
usr/share/texlive/texmf-dist/fonts/type1/public/amsfonts/cm/cmsy10.pfb></usr/sh
are/texlive/texmf-dist/fonts/type1/public/amsfonts/cm/cmsy7.pfb></usr/share/tex
live/texmf-dist/fonts/type1/public/amsfonts/cm/cmsy8.pfb></usr/share/texlive/te
xmf-dist/fonts/type1/public/amsfonts/cm/cmti10.pfb></usr/share/texlive/texmf-di
st/fonts/type1/public/amsfonts/cm/cmti12.pfb></usr/share/texlive/texmf-dist/fon
ts/type1/public/amsfonts/cm/cmtt10.pfb></usr/share/texlive/texmf-dist/fonts/typ
e1/public/amsfonts/latxfont/lcircle1.pfb></usr/share/texlive/texmf-dist/fonts/t
ype1/public/amsfonts/latxfont/line10.pfb></usr/share/texlive/texmf-dist/fonts/t
ype1/public/amsfonts/latxfont/linew10.pfb>
Output written on p-report.pdf (182 pages, 649327 bytes).
PDF statistics:
 3318 PDF objects out of 3580 (max. 8388607)
 3082 compressed objects within 31 object streams
 626 named destinations out of 1000 (max. 500000)
 957 words of extra memory for PDF output out of 10000 (max. 10000000)

